CRITICAL - 2023-05-31 15:55:05 --> Undefined variable $data
in APPPATH/Views/index.php on line 7.
 1 APPPATH/Views/index.php(7): CodeIgniter\Debug\Exceptions->errorHandler(2, 'Undefined variable $data', '/Users/shenyuting/0530_410977033_HW/app/Views/index.php', 7)
 2 SYSTEMPATH/View/View.php(213): include('/Users/shenyuting/0530_410977033_HW/app/Views/index.php')
 3 SYSTEMPATH/View/View.php(216): CodeIgniter\View\View->CodeIgniter\View\{closure}()
 4 SYSTEMPATH/Common.php(1184): CodeIgniter\View\View->render('index', [], true)
 5 APPPATH/Controllers/Home.php(44): view('index', [...])
 6 SYSTEMPATH/CodeIgniter.php(934): App\Controllers\Home->tableLab()
 7 SYSTEMPATH/CodeIgniter.php(499): CodeIgniter\CodeIgniter->runController(Object(App\Controllers\Home))
 8 SYSTEMPATH/CodeIgniter.php(368): CodeIgniter\CodeIgniter->handleRequest(null, Object(Config\Cache), false)
 9 FCPATH/index.php(67): CodeIgniter\CodeIgniter->run()
10 SYSTEMPATH/Commands/Server/rewrite.php(47): require_once('/Users/shenyuting/0530_410977033_HW/public/index.php')
CRITICAL - 2023-05-31 15:56:43 --> Array to string conversion
in APPPATH/Views/index.php on line 9.
 1 APPPATH/Views/index.php(9): CodeIgniter\Debug\Exceptions->errorHandler(2, 'Array to string conversion', '/Users/shenyuting/0530_410977033_HW/app/Views/index.php', 9)
 2 SYSTEMPATH/View/View.php(213): include('/Users/shenyuting/0530_410977033_HW/app/Views/index.php')
 3 SYSTEMPATH/View/View.php(216): CodeIgniter\View\View->CodeIgniter\View\{closure}()
 4 SYSTEMPATH/Common.php(1184): CodeIgniter\View\View->render('index', [], true)
 5 APPPATH/Controllers/Home.php(44): view('index', [...])
 6 SYSTEMPATH/CodeIgniter.php(934): App\Controllers\Home->tableLab()
 7 SYSTEMPATH/CodeIgniter.php(499): CodeIgniter\CodeIgniter->runController(Object(App\Controllers\Home))
 8 SYSTEMPATH/CodeIgniter.php(368): CodeIgniter\CodeIgniter->handleRequest(null, Object(Config\Cache), false)
 9 FCPATH/index.php(67): CodeIgniter\CodeIgniter->run()
10 SYSTEMPATH/Commands/Server/rewrite.php(47): require_once('/Users/shenyuting/0530_410977033_HW/public/index.php')
CRITICAL - 2023-05-31 15:58:08 --> Array to string conversion
in APPPATH/Views/index.php on line 8.
 1 APPPATH/Views/index.php(8): CodeIgniter\Debug\Exceptions->errorHandler(2, 'Array to string conversion', '/Users/shenyuting/0530_410977033_HW/app/Views/index.php', 8)
 2 SYSTEMPATH/View/View.php(213): include('/Users/shenyuting/0530_410977033_HW/app/Views/index.php')
 3 SYSTEMPATH/View/View.php(216): CodeIgniter\View\View->CodeIgniter\View\{closure}()
 4 SYSTEMPATH/Common.php(1184): CodeIgniter\View\View->render('index', [], true)
 5 APPPATH/Controllers/Home.php(44): view('index', [...])
 6 SYSTEMPATH/CodeIgniter.php(934): App\Controllers\Home->tableLab()
 7 SYSTEMPATH/CodeIgniter.php(499): CodeIgniter\CodeIgniter->runController(Object(App\Controllers\Home))
 8 SYSTEMPATH/CodeIgniter.php(368): CodeIgniter\CodeIgniter->handleRequest(null, Object(Config\Cache), false)
 9 FCPATH/index.php(67): CodeIgniter\CodeIgniter->run()
10 SYSTEMPATH/Commands/Server/rewrite.php(47): require_once('/Users/shenyuting/0530_410977033_HW/public/index.php')
CRITICAL - 2023-05-31 16:08:22 --> Undefined variable $list
in APPPATH/Views/index.php on line 7.
 1 APPPATH/Views/index.php(7): CodeIgniter\Debug\Exceptions->errorHandler(2, 'Undefined variable $list', '/Users/shenyuting/0530_410977033_HW/app/Views/index.php', 7)
 2 SYSTEMPATH/View/View.php(213): include('/Users/shenyuting/0530_410977033_HW/app/Views/index.php')
 3 SYSTEMPATH/View/View.php(216): CodeIgniter\View\View->CodeIgniter\View\{closure}()
 4 SYSTEMPATH/Common.php(1184): CodeIgniter\View\View->render('index', [], true)
 5 APPPATH/Controllers/Home.php(44): view('index', [...])
 6 SYSTEMPATH/CodeIgniter.php(934): App\Controllers\Home->tableLab()
 7 SYSTEMPATH/CodeIgniter.php(499): CodeIgniter\CodeIgniter->runController(Object(App\Controllers\Home))
 8 SYSTEMPATH/CodeIgniter.php(368): CodeIgniter\CodeIgniter->handleRequest(null, Object(Config\Cache), false)
 9 FCPATH/index.php(67): CodeIgniter\CodeIgniter->run()
10 SYSTEMPATH/Commands/Server/rewrite.php(47): require_once('/Users/shenyuting/0530_410977033_HW/public/index.php')
CRITICAL - 2023-05-31 16:10:08 --> Array to string conversion
in APPPATH/Views/index.php on line 8.
 1 APPPATH/Views/index.php(8): CodeIgniter\Debug\Exceptions->errorHandler(2, 'Array to string conversion', '/Users/shenyuting/0530_410977033_HW/app/Views/index.php', 8)
 2 SYSTEMPATH/View/View.php(213): include('/Users/shenyuting/0530_410977033_HW/app/Views/index.php')
 3 SYSTEMPATH/View/View.php(216): CodeIgniter\View\View->CodeIgniter\View\{closure}()
 4 SYSTEMPATH/Common.php(1184): CodeIgniter\View\View->render('index', [], true)
 5 APPPATH/Controllers/Home.php(44): view('index', [...])
 6 SYSTEMPATH/CodeIgniter.php(934): App\Controllers\Home->tableLab()
 7 SYSTEMPATH/CodeIgniter.php(499): CodeIgniter\CodeIgniter->runController(Object(App\Controllers\Home))
 8 SYSTEMPATH/CodeIgniter.php(368): CodeIgniter\CodeIgniter->handleRequest(null, Object(Config\Cache), false)
 9 FCPATH/index.php(67): CodeIgniter\CodeIgniter->run()
10 SYSTEMPATH/Commands/Server/rewrite.php(47): require_once('/Users/shenyuting/0530_410977033_HW/public/index.php')
CRITICAL - 2023-05-31 16:10:22 --> Array to string conversion
in APPPATH/Views/index.php on line 8.
 1 APPPATH/Views/index.php(8): CodeIgniter\Debug\Exceptions->errorHandler(2, 'Array to string conversion', '/Users/shenyuting/0530_410977033_HW/app/Views/index.php', 8)
 2 SYSTEMPATH/View/View.php(213): include('/Users/shenyuting/0530_410977033_HW/app/Views/index.php')
 3 SYSTEMPATH/View/View.php(216): CodeIgniter\View\View->CodeIgniter\View\{closure}()
 4 SYSTEMPATH/Common.php(1184): CodeIgniter\View\View->render('index', [], true)
 5 APPPATH/Controllers/Home.php(44): view('index', [...])
 6 SYSTEMPATH/CodeIgniter.php(934): App\Controllers\Home->tableLab()
 7 SYSTEMPATH/CodeIgniter.php(499): CodeIgniter\CodeIgniter->runController(Object(App\Controllers\Home))
 8 SYSTEMPATH/CodeIgniter.php(368): CodeIgniter\CodeIgniter->handleRequest(null, Object(Config\Cache), false)
 9 FCPATH/index.php(67): CodeIgniter\CodeIgniter->run()
10 SYSTEMPATH/Commands/Server/rewrite.php(47): require_once('/Users/shenyuting/0530_410977033_HW/public/index.php')
CRITICAL - 2023-05-31 16:11:36 --> Array to string conversion
in APPPATH/Views/index.php on line 8.
 1 APPPATH/Views/index.php(8): CodeIgniter\Debug\Exceptions->errorHandler(2, 'Array to string conversion', '/Users/shenyuting/0530_410977033_HW/app/Views/index.php', 8)
 2 SYSTEMPATH/View/View.php(213): include('/Users/shenyuting/0530_410977033_HW/app/Views/index.php')
 3 SYSTEMPATH/View/View.php(216): CodeIgniter\View\View->CodeIgniter\View\{closure}()
 4 SYSTEMPATH/Common.php(1184): CodeIgniter\View\View->render('index', [], true)
 5 APPPATH/Controllers/Home.php(44): view('index', [...])
 6 SYSTEMPATH/CodeIgniter.php(934): App\Controllers\Home->tableLab()
 7 SYSTEMPATH/CodeIgniter.php(499): CodeIgniter\CodeIgniter->runController(Object(App\Controllers\Home))
 8 SYSTEMPATH/CodeIgniter.php(368): CodeIgniter\CodeIgniter->handleRequest(null, Object(Config\Cache), false)
 9 FCPATH/index.php(67): CodeIgniter\CodeIgniter->run()
10 SYSTEMPATH/Commands/Server/rewrite.php(47): require_once('/Users/shenyuting/0530_410977033_HW/public/index.php')
CRITICAL - 2023-05-31 17:33:53 --> Array to string conversion
in APPPATH/Views/index.php on line 8.
 1 APPPATH/Views/index.php(8): CodeIgniter\Debug\Exceptions->errorHandler(2, 'Array to string conversion', '/Users/shenyuting/0530_410977033_HW/app/Views/index.php', 8)
 2 SYSTEMPATH/View/View.php(213): include('/Users/shenyuting/0530_410977033_HW/app/Views/index.php')
 3 SYSTEMPATH/View/View.php(216): CodeIgniter\View\View->CodeIgniter\View\{closure}()
 4 SYSTEMPATH/Common.php(1184): CodeIgniter\View\View->render('index', [], true)
 5 APPPATH/Controllers/Home.php(44): view('index', [...])
 6 SYSTEMPATH/CodeIgniter.php(934): App\Controllers\Home->tableLab()
 7 SYSTEMPATH/CodeIgniter.php(499): CodeIgniter\CodeIgniter->runController(Object(App\Controllers\Home))
 8 SYSTEMPATH/CodeIgniter.php(368): CodeIgniter\CodeIgniter->handleRequest(null, Object(Config\Cache), false)
 9 FCPATH/index.php(67): CodeIgniter\CodeIgniter->run()
10 SYSTEMPATH/Commands/Server/rewrite.php(47): require_once('/Users/shenyuting/0530_410977033_HW/public/index.php')
CRITICAL - 2023-05-31 17:34:45 --> Array to string conversion
in APPPATH/Views/index.php on line 20.
 1 APPPATH/Views/index.php(20): CodeIgniter\Debug\Exceptions->errorHandler(2, 'Array to string conversion', '/Users/shenyuting/0530_410977033_HW/app/Views/index.php', 20)
 2 SYSTEMPATH/View/View.php(213): include('/Users/shenyuting/0530_410977033_HW/app/Views/index.php')
 3 SYSTEMPATH/View/View.php(216): CodeIgniter\View\View->CodeIgniter\View\{closure}()
 4 SYSTEMPATH/Common.php(1184): CodeIgniter\View\View->render('index', [], true)
 5 APPPATH/Controllers/Home.php(44): view('index', [...])
 6 SYSTEMPATH/CodeIgniter.php(934): App\Controllers\Home->tableLab()
 7 SYSTEMPATH/CodeIgniter.php(499): CodeIgniter\CodeIgniter->runController(Object(App\Controllers\Home))
 8 SYSTEMPATH/CodeIgniter.php(368): CodeIgniter\CodeIgniter->handleRequest(null, Object(Config\Cache), false)
 9 FCPATH/index.php(67): CodeIgniter\CodeIgniter->run()
10 SYSTEMPATH/Commands/Server/rewrite.php(47): require_once('/Users/shenyuting/0530_410977033_HW/public/index.php')
CRITICAL - 2023-05-31 17:34:52 --> Array to string conversion
in APPPATH/Views/index.php on line 20.
 1 APPPATH/Views/index.php(20): CodeIgniter\Debug\Exceptions->errorHandler(2, 'Array to string conversion', '/Users/shenyuting/0530_410977033_HW/app/Views/index.php', 20)
 2 SYSTEMPATH/View/View.php(213): include('/Users/shenyuting/0530_410977033_HW/app/Views/index.php')
 3 SYSTEMPATH/View/View.php(216): CodeIgniter\View\View->CodeIgniter\View\{closure}()
 4 SYSTEMPATH/Common.php(1184): CodeIgniter\View\View->render('index', [], true)
 5 APPPATH/Controllers/Home.php(44): view('index', [...])
 6 SYSTEMPATH/CodeIgniter.php(934): App\Controllers\Home->tableLab()
 7 SYSTEMPATH/CodeIgniter.php(499): CodeIgniter\CodeIgniter->runController(Object(App\Controllers\Home))
 8 SYSTEMPATH/CodeIgniter.php(368): CodeIgniter\CodeIgniter->handleRequest(null, Object(Config\Cache), false)
 9 FCPATH/index.php(67): CodeIgniter\CodeIgniter->run()
10 SYSTEMPATH/Commands/Server/rewrite.php(47): require_once('/Users/shenyuting/0530_410977033_HW/public/index.php')
CRITICAL - 2023-05-31 17:34:56 --> Array to string conversion
in APPPATH/Views/index.php on line 20.
 1 APPPATH/Views/index.php(20): CodeIgniter\Debug\Exceptions->errorHandler(2, 'Array to string conversion', '/Users/shenyuting/0530_410977033_HW/app/Views/index.php', 20)
 2 SYSTEMPATH/View/View.php(213): include('/Users/shenyuting/0530_410977033_HW/app/Views/index.php')
 3 SYSTEMPATH/View/View.php(216): CodeIgniter\View\View->CodeIgniter\View\{closure}()
 4 SYSTEMPATH/Common.php(1184): CodeIgniter\View\View->render('index', [], true)
 5 APPPATH/Controllers/Home.php(44): view('index', [...])
 6 SYSTEMPATH/CodeIgniter.php(934): App\Controllers\Home->tableLab()
 7 SYSTEMPATH/CodeIgniter.php(499): CodeIgniter\CodeIgniter->runController(Object(App\Controllers\Home))
 8 SYSTEMPATH/CodeIgniter.php(368): CodeIgniter\CodeIgniter->handleRequest(null, Object(Config\Cache), false)
 9 FCPATH/index.php(67): CodeIgniter\CodeIgniter->run()
10 SYSTEMPATH/Commands/Server/rewrite.php(47): require_once('/Users/shenyuting/0530_410977033_HW/public/index.php')
CRITICAL - 2023-05-31 17:37:00 --> Array to string conversion
in APPPATH/Views/index.php on line 19.
 1 APPPATH/Views/index.php(19): CodeIgniter\Debug\Exceptions->errorHandler(2, 'Array to string conversion', '/Users/shenyuting/0530_410977033_HW/app/Views/index.php', 19)
 2 SYSTEMPATH/View/View.php(213): include('/Users/shenyuting/0530_410977033_HW/app/Views/index.php')
 3 SYSTEMPATH/View/View.php(216): CodeIgniter\View\View->CodeIgniter\View\{closure}()
 4 SYSTEMPATH/Common.php(1184): CodeIgniter\View\View->render('index', [], true)
 5 APPPATH/Controllers/Home.php(44): view('index', [...])
 6 SYSTEMPATH/CodeIgniter.php(934): App\Controllers\Home->tableLab()
 7 SYSTEMPATH/CodeIgniter.php(499): CodeIgniter\CodeIgniter->runController(Object(App\Controllers\Home))
 8 SYSTEMPATH/CodeIgniter.php(368): CodeIgniter\CodeIgniter->handleRequest(null, Object(Config\Cache), false)
 9 FCPATH/index.php(67): CodeIgniter\CodeIgniter->run()
10 SYSTEMPATH/Commands/Server/rewrite.php(47): require_once('/Users/shenyuting/0530_410977033_HW/public/index.php')
CRITICAL - 2023-05-31 17:44:37 --> Undefined array key 0
in APPPATH/Views/index.php on line 19.
 1 APPPATH/Views/index.php(19): CodeIgniter\Debug\Exceptions->errorHandler(2, 'Undefined array key 0', '/Users/shenyuting/0530_410977033_HW/app/Views/index.php', 19)
 2 SYSTEMPATH/View/View.php(213): include('/Users/shenyuting/0530_410977033_HW/app/Views/index.php')
 3 SYSTEMPATH/View/View.php(216): CodeIgniter\View\View->CodeIgniter\View\{closure}()
 4 SYSTEMPATH/Common.php(1184): CodeIgniter\View\View->render('index', [], true)
 5 APPPATH/Controllers/Home.php(45): view('index', [...])
 6 SYSTEMPATH/CodeIgniter.php(934): App\Controllers\Home->tableLab()
 7 SYSTEMPATH/CodeIgniter.php(499): CodeIgniter\CodeIgniter->runController(Object(App\Controllers\Home))
 8 SYSTEMPATH/CodeIgniter.php(368): CodeIgniter\CodeIgniter->handleRequest(null, Object(Config\Cache), false)
 9 FCPATH/index.php(67): CodeIgniter\CodeIgniter->run()
10 SYSTEMPATH/Commands/Server/rewrite.php(47): require_once('/Users/shenyuting/0530_410977033_HW/public/index.php')
CRITICAL - 2023-05-31 17:49:26 --> Undefined array key 0
in APPPATH/Views/index.php on line 19.
 1 APPPATH/Views/index.php(19): CodeIgniter\Debug\Exceptions->errorHandler(2, 'Undefined array key 0', '/Users/shenyuting/0530_410977033_HW/app/Views/index.php', 19)
 2 SYSTEMPATH/View/View.php(213): include('/Users/shenyuting/0530_410977033_HW/app/Views/index.php')
 3 SYSTEMPATH/View/View.php(216): CodeIgniter\View\View->CodeIgniter\View\{closure}()
 4 SYSTEMPATH/Common.php(1184): CodeIgniter\View\View->render('index', [], true)
 5 APPPATH/Controllers/Home.php(45): view('index', [...])
 6 SYSTEMPATH/CodeIgniter.php(934): App\Controllers\Home->tableLab()
 7 SYSTEMPATH/CodeIgniter.php(499): CodeIgniter\CodeIgniter->runController(Object(App\Controllers\Home))
 8 SYSTEMPATH/CodeIgniter.php(368): CodeIgniter\CodeIgniter->handleRequest(null, Object(Config\Cache), false)
 9 FCPATH/index.php(67): CodeIgniter\CodeIgniter->run()
10 SYSTEMPATH/Commands/Server/rewrite.php(47): require_once('/Users/shenyuting/0530_410977033_HW/public/index.php')
CRITICAL - 2023-05-31 17:49:27 --> Undefined array key 0
in APPPATH/Views/index.php on line 19.
 1 APPPATH/Views/index.php(19): CodeIgniter\Debug\Exceptions->errorHandler(2, 'Undefined array key 0', '/Users/shenyuting/0530_410977033_HW/app/Views/index.php', 19)
 2 SYSTEMPATH/View/View.php(213): include('/Users/shenyuting/0530_410977033_HW/app/Views/index.php')
 3 SYSTEMPATH/View/View.php(216): CodeIgniter\View\View->CodeIgniter\View\{closure}()
 4 SYSTEMPATH/Common.php(1184): CodeIgniter\View\View->render('index', [], true)
 5 APPPATH/Controllers/Home.php(45): view('index', [...])
 6 SYSTEMPATH/CodeIgniter.php(934): App\Controllers\Home->tableLab()
 7 SYSTEMPATH/CodeIgniter.php(499): CodeIgniter\CodeIgniter->runController(Object(App\Controllers\Home))
 8 SYSTEMPATH/CodeIgniter.php(368): CodeIgniter\CodeIgniter->handleRequest(null, Object(Config\Cache), false)
 9 FCPATH/index.php(67): CodeIgniter\CodeIgniter->run()
10 SYSTEMPATH/Commands/Server/rewrite.php(47): require_once('/Users/shenyuting/0530_410977033_HW/public/index.php')
CRITICAL - 2023-05-31 17:49:43 --> Undefined variable $data
in APPPATH/Views/index.php on line 19.
 1 APPPATH/Views/index.php(19): CodeIgniter\Debug\Exceptions->errorHandler(2, 'Undefined variable $data', '/Users/shenyuting/0530_410977033_HW/app/Views/index.php', 19)
 2 SYSTEMPATH/View/View.php(213): include('/Users/shenyuting/0530_410977033_HW/app/Views/index.php')
 3 SYSTEMPATH/View/View.php(216): CodeIgniter\View\View->CodeIgniter\View\{closure}()
 4 SYSTEMPATH/Common.php(1184): CodeIgniter\View\View->render('index', [], true)
 5 APPPATH/Controllers/Home.php(45): view('index', [...])
 6 SYSTEMPATH/CodeIgniter.php(934): App\Controllers\Home->tableLab()
 7 SYSTEMPATH/CodeIgniter.php(499): CodeIgniter\CodeIgniter->runController(Object(App\Controllers\Home))
 8 SYSTEMPATH/CodeIgniter.php(368): CodeIgniter\CodeIgniter->handleRequest(null, Object(Config\Cache), false)
 9 FCPATH/index.php(67): CodeIgniter\CodeIgniter->run()
10 SYSTEMPATH/Commands/Server/rewrite.php(47): require_once('/Users/shenyuting/0530_410977033_HW/public/index.php')
CRITICAL - 2023-05-31 17:56:13 --> Undefined variable $value2
in APPPATH/Views/index.php on line 19.
 1 APPPATH/Views/index.php(19): CodeIgniter\Debug\Exceptions->errorHandler(2, 'Undefined variable $value2', '/Users/shenyuting/0530_410977033_HW/app/Views/index.php', 19)
 2 SYSTEMPATH/View/View.php(213): include('/Users/shenyuting/0530_410977033_HW/app/Views/index.php')
 3 SYSTEMPATH/View/View.php(216): CodeIgniter\View\View->CodeIgniter\View\{closure}()
 4 SYSTEMPATH/Common.php(1184): CodeIgniter\View\View->render('index', [], true)
 5 APPPATH/Controllers/Home.php(45): view('index', [...])
 6 SYSTEMPATH/CodeIgniter.php(934): App\Controllers\Home->tableLab()
 7 SYSTEMPATH/CodeIgniter.php(499): CodeIgniter\CodeIgniter->runController(Object(App\Controllers\Home))
 8 SYSTEMPATH/CodeIgniter.php(368): CodeIgniter\CodeIgniter->handleRequest(null, Object(Config\Cache), false)
 9 FCPATH/index.php(67): CodeIgniter\CodeIgniter->run()
10 SYSTEMPATH/Commands/Server/rewrite.php(47): require_once('/Users/shenyuting/0530_410977033_HW/public/index.php')
CRITICAL - 2023-05-31 17:56:22 --> Array to string conversion
in APPPATH/Views/index.php on line 19.
 1 APPPATH/Views/index.php(19): CodeIgniter\Debug\Exceptions->errorHandler(2, 'Array to string conversion', '/Users/shenyuting/0530_410977033_HW/app/Views/index.php', 19)
 2 SYSTEMPATH/View/View.php(213): include('/Users/shenyuting/0530_410977033_HW/app/Views/index.php')
 3 SYSTEMPATH/View/View.php(216): CodeIgniter\View\View->CodeIgniter\View\{closure}()
 4 SYSTEMPATH/Common.php(1184): CodeIgniter\View\View->render('index', [], true)
 5 APPPATH/Controllers/Home.php(45): view('index', [...])
 6 SYSTEMPATH/CodeIgniter.php(934): App\Controllers\Home->tableLab()
 7 SYSTEMPATH/CodeIgniter.php(499): CodeIgniter\CodeIgniter->runController(Object(App\Controllers\Home))
 8 SYSTEMPATH/CodeIgniter.php(368): CodeIgniter\CodeIgniter->handleRequest(null, Object(Config\Cache), false)
 9 FCPATH/index.php(67): CodeIgniter\CodeIgniter->run()
10 SYSTEMPATH/Commands/Server/rewrite.php(47): require_once('/Users/shenyuting/0530_410977033_HW/public/index.php')
CRITICAL - 2023-05-31 18:00:41 --> syntax error, unexpected end of file
in APPPATH/Views/index.php on line 33.
 1 SYSTEMPATH/View/View.php(216): CodeIgniter\View\View->CodeIgniter\View\{closure}()
 2 SYSTEMPATH/Common.php(1184): CodeIgniter\View\View->render('index', [], true)
 3 APPPATH/Controllers/Home.php(45): view('index', [...])
 4 SYSTEMPATH/CodeIgniter.php(934): App\Controllers\Home->tableLab()
 5 SYSTEMPATH/CodeIgniter.php(499): CodeIgniter\CodeIgniter->runController(Object(App\Controllers\Home))
 6 SYSTEMPATH/CodeIgniter.php(368): CodeIgniter\CodeIgniter->handleRequest(null, Object(Config\Cache), false)
 7 FCPATH/index.php(67): CodeIgniter\CodeIgniter->run()
 8 SYSTEMPATH/Commands/Server/rewrite.php(47): require_once('/Users/shenyuting/0530_410977033_HW/public/index.php')
